<?xml version="1.0" encoding="UTF-8"?>
<!-- Generated by org.testng.reporters.JUnitReportReporter -->
<testsuite skipped="0" hostname="DESKTOP-46JVR6E" name="com.TestScriptTAP.TestScript" tests="1" failures="0" timestamp="2020-07-23T21:17:44 IST" time="0.008" errors="0">
  <testcase name="TC01" time="0.008" classname="com.TestScriptTAP.TestScript"/>
</testsuite> <!-- com.TestScriptTAP.TestScript -->
