<?xml version="1.0" encoding="UTF-8"?>
<!-- Generated by org.testng.reporters.JUnitReportReporter -->
<testsuite skipped="0" hostname="DESKTOP-46JVR6E" name="com.TestScriptTAP.TestScript2" tests="1" failures="0" timestamp="2020-07-23T21:17:44 IST" time="15.832" errors="0">
  <testcase name="MD_Indexing_TC02" time="15.832" classname="com.TestScriptTAP.TestScript2"/>
</testsuite> <!-- com.TestScriptTAP.TestScript2 -->
